Removed Pin From Net: NetName=240V_E Pin=CON3-3
Removed Pin From Net: NetName=+5V Pin=D2-1
Removed Pin From Net: NetName=+5V Pin=D3-1
Removed Pin From Net: NetName=+5V Pin=RLY1-8
Removed Pin From Net: NetName=+5V Pin=RLY2-8
Removed Member From Class: ClassName=D2_Nets Member=+5V
Removed Member From Class: ClassName=D3_Nets Member=+5V
Removed Member From Class: ClassName=RLY1_Nets Member=+5V
Removed Member From Class: ClassName=RLY2_Nets Member=+5V
Removed Member From Class: ClassName=U2_Nets Member=LED_WHITE
Removed Member From Class: ClassName=CON3_Nets Member=NetCON3_1
Removed Member From Class: ClassName=F2_Nets Member=NetCON3_1
Removed Member From Class: ClassName=R7_Nets Member=NetD4_1
Removed Member From Class: ClassName=R8_Nets Member=NetD5_1
Change Component Footprint: Designator=CON3 Old Footprint=CON Phoenix 1714984 New Footprint=691313410003
Change Component Footprint: Designator=CON4 Old Footprint=CON Phoenix 1714984 New Footprint=691313410003
Change Component Footprint: Designator=CON5 Old Footprint=CON Phoenix 1714984 New Footprint=691313410003
Change Component Footprint: Designator=CON1 Old Footprint=CON Phoenix 1714984 New Footprint=691313510003
Change Component Footprint: Designator=CON2 Old Footprint=CON Phoenix 1714984 New Footprint=691313510003
Change Component Comment : Designator=CON3 Old Comment=TERM BLK 3P SIDE ENT 9.53MM PCB New Comment=691313410003
Change Component Comment : Designator=CON4 Old Comment=TERM BLK 3P SIDE ENT 9.53MM PCB New Comment=691313410003
Change Component Comment : Designator=CON5 Old Comment=TERM BLK 3P SIDE ENT 9.53MM PCB New Comment=691313410003
Change Component Comment : Designator=CON1 Old Comment=TERM BLK 3P SIDE ENT 9.53MM PCB New Comment=691313510003
Change Component Comment : Designator=CON2 Old Comment=TERM BLK 3P SIDE ENT 9.53MM PCB New Comment=691313510003
Change Managed Component Library Link : Designator=CON1 Old VaultGUID= New VaultGUID=B7D15EC3-160A-466F-A46C-7801FE6295A7 Old ItemGUID= New ItemGUID=805ED265-DFAD-4255-BEDC-5A819F4B8B9C Old RevisionGUID= New RevisionGUID=EF3E2E37-A536-4D2A-BE73-BEC8ACD12900
Change Managed Component Library Link : Designator=CON2 Old VaultGUID= New VaultGUID=B7D15EC3-160A-466F-A46C-7801FE6295A7 Old ItemGUID= New ItemGUID=805ED265-DFAD-4255-BEDC-5A819F4B8B9C Old RevisionGUID= New RevisionGUID=EF3E2E37-A536-4D2A-BE73-BEC8ACD12900
Change Managed Component Library Link : Designator=CON3 Old VaultGUID= New VaultGUID=B7D15EC3-160A-466F-A46C-7801FE6295A7 Old ItemGUID= New ItemGUID=261170F6-6C20-4395-B4E3-81C716DB5220 Old RevisionGUID= New RevisionGUID=5C9573D1-3A47-42C9-8216-18FB205402C0
Change Managed Component Library Link : Designator=CON4 Old VaultGUID= New VaultGUID=B7D15EC3-160A-466F-A46C-7801FE6295A7 Old ItemGUID= New ItemGUID=261170F6-6C20-4395-B4E3-81C716DB5220 Old RevisionGUID= New RevisionGUID=5C9573D1-3A47-42C9-8216-18FB205402C0
Change Managed Component Library Link : Designator=CON5 Old VaultGUID= New VaultGUID=B7D15EC3-160A-466F-A46C-7801FE6295A7 Old ItemGUID= New ItemGUID=261170F6-6C20-4395-B4E3-81C716DB5220 Old RevisionGUID= New RevisionGUID=5C9573D1-3A47-42C9-8216-18FB205402C0
Change component parameters: Designator = "CON1" ("CON1"); Footprint = "CON Phoenix 1714984"; UniqueID = "\IVXYJVEW" ("\IVXYJVEW")
Change component parameters (AddParameter): Name = "Datasheet URL"; Value = "http://katalog.we-online.de/em/datasheet/6913135100xx.pdf"; VariantName = "[No Variations]"
Change component parameters (AddParameter): Name = "Gender"; Value = "Male"; VariantName = "[No Variations]"
Change component parameters (AddParameter): Name = "Manufacturer"; Value = "Wurth Elektronik"; VariantName = "[No Variations]"
Change component parameters (AddParameter): Name = "Manufacturer URL"; Value = "http://www.we-online.de"; VariantName = "[No Variations]"
Change component parameters (AddParameter): Name = "Mounting Technology"; Value = "THT"; VariantName = "[No Variations]"
Change component parameters (AddParameter): Name = "Operating Temperature"; Value = "-40to105degC"; VariantName = "[No Variations]"
Change component parameters (AddParameter): Name = "Package Reference"; Value = "691313510003"; VariantName = "[No Variations]"
Change component parameters (AddParameter): Name = "Packaging"; Value = "Box"; VariantName = "[No Variations]"
Change component parameters (AddParameter): Name = "Part Number"; Value = "691313510003"; VariantName = "[No Variations]"
Change component parameters (AddParameter): Name = "Pin Number"; Value = "3"; VariantName = "[No Variations]"
Change component parameters (AddParameter): Name = "Pitch"; Value = "5.08mm"; VariantName = "[No Variations]"
Change component parameters (AddParameter): Name = "Publisher"; Value = "WurthElektronik"; VariantName = "[No Variations]"
Change component parameters: Designator = "CON2" ("CON2"); Footprint = "CON Phoenix 1714984"; UniqueID = "\PZMRJIGF" ("\PZMRJIGF")
Change component parameters (AddParameter): Name = "Datasheet URL"; Value = "http://katalog.we-online.de/em/datasheet/6913135100xx.pdf"; VariantName = "[No Variations]"
Change component parameters (AddParameter): Name = "Gender"; Value = "Male"; VariantName = "[No Variations]"
Change component parameters (AddParameter): Name = "Manufacturer"; Value = "Wurth Elektronik"; VariantName = "[No Variations]"
Change component parameters (AddParameter): Name = "Manufacturer URL"; Value = "http://www.we-online.de"; VariantName = "[No Variations]"
Change component parameters (AddParameter): Name = "Mounting Technology"; Value = "THT"; VariantName = "[No Variations]"
Change component parameters (AddParameter): Name = "Operating Temperature"; Value = "-40to105degC"; VariantName = "[No Variations]"
Change component parameters (AddParameter): Name = "Package Reference"; Value = "691313510003"; VariantName = "[No Variations]"
Change component parameters (AddParameter): Name = "Packaging"; Value = "Box"; VariantName = "[No Variations]"
Change component parameters (AddParameter): Name = "Part Number"; Value = "691313510003"; VariantName = "[No Variations]"
Change component parameters (AddParameter): Name = "Pin Number"; Value = "3"; VariantName = "[No Variations]"
Change component parameters (AddParameter): Name = "Pitch"; Value = "5.08mm"; VariantName = "[No Variations]"
Change component parameters (AddParameter): Name = "Publisher"; Value = "WurthElektronik"; VariantName = "[No Variations]"
Change component parameters: Designator = "CON3" ("CON3"); Footprint = "CON Phoenix 1714984"; UniqueID = "\LBBJUFUE" ("\LBBJUFUE")
Change component parameters (AddParameter): Name = "Datasheet URL"; Value = "http://katalog.we-online.de/em/datasheet/6913134100xx.pdf"; VariantName = "[No Variations]"
Change component parameters (AddParameter): Name = "Gender"; Value = "Male"; VariantName = "[No Variations]"
Change component parameters (AddParameter): Name = "Manufacturer"; Value = "Wurth Elektronik"; VariantName = "[No Variations]"
Change component parameters (AddParameter): Name = "Manufacturer URL"; Value = "http://www.we-online.de"; VariantName = "[No Variations]"
Change component parameters (AddParameter): Name = "Mounting Technology"; Value = "THT"; VariantName = "[No Variations]"
Change component parameters (AddParameter): Name = "Operating Temperature"; Value = "-40to105degC"; VariantName = "[No Variations]"
Change component parameters (AddParameter): Name = "Package Reference"; Value = "691313410003"; VariantName = "[No Variations]"
Change component parameters (AddParameter): Name = "Packaging"; Value = "Box"; VariantName = "[No Variations]"
Change component parameters (AddParameter): Name = "Part Number"; Value = "691313410003"; VariantName = "[No Variations]"
Change component parameters (AddParameter): Name = "Pin Number"; Value = "3"; VariantName = "[No Variations]"
Change component parameters (AddParameter): Name = "Pitch"; Value = "7.62mm"; VariantName = "[No Variations]"
Change component parameters (AddParameter): Name = "Publisher"; Value = "WurthElektronik"; VariantName = "[No Variations]"
Change component parameters: Designator = "CON4" ("CON4"); Footprint = "CON Phoenix 1714984"; UniqueID = "\GKIPXIRK" ("\GKIPXIRK")
Change component parameters (AddParameter): Name = "Datasheet URL"; Value = "http://katalog.we-online.de/em/datasheet/6913134100xx.pdf"; VariantName = "[No Variations]"
Change component parameters (AddParameter): Name = "Gender"; Value = "Male"; VariantName = "[No Variations]"
Change component parameters (AddParameter): Name = "Manufacturer"; Value = "Wurth Elektronik"; VariantName = "[No Variations]"
Change component parameters (AddParameter): Name = "Manufacturer URL"; Value = "http://www.we-online.de"; VariantName = "[No Variations]"
Change component parameters (AddParameter): Name = "Mounting Technology"; Value = "THT"; VariantName = "[No Variations]"
Change component parameters (AddParameter): Name = "Operating Temperature"; Value = "-40to105degC"; VariantName = "[No Variations]"
Change component parameters (AddParameter): Name = "Package Reference"; Value = "691313410003"; VariantName = "[No Variations]"
Change component parameters (AddParameter): Name = "Packaging"; Value = "Box"; VariantName = "[No Variations]"
Change component parameters (AddParameter): Name = "Part Number"; Value = "691313410003"; VariantName = "[No Variations]"
Change component parameters (AddParameter): Name = "Pin Number"; Value = "3"; VariantName = "[No Variations]"
Change component parameters (AddParameter): Name = "Pitch"; Value = "7.62mm"; VariantName = "[No Variations]"
Change component parameters (AddParameter): Name = "Publisher"; Value = "WurthElektronik"; VariantName = "[No Variations]"
Change component parameters: Designator = "CON5" ("CON5"); Footprint = "CON Phoenix 1714984"; UniqueID = "\CPVKLIBY" ("\CPVKLIBY")
Change component parameters (AddParameter): Name = "Datasheet URL"; Value = "http://katalog.we-online.de/em/datasheet/6913134100xx.pdf"; VariantName = "[No Variations]"
Change component parameters (AddParameter): Name = "Gender"; Value = "Male"; VariantName = "[No Variations]"
Change component parameters (AddParameter): Name = "Manufacturer"; Value = "Wurth Elektronik"; VariantName = "[No Variations]"
Change component parameters (AddParameter): Name = "Manufacturer URL"; Value = "http://www.we-online.de"; VariantName = "[No Variations]"
Change component parameters (AddParameter): Name = "Mounting Technology"; Value = "THT"; VariantName = "[No Variations]"
Change component parameters (AddParameter): Name = "Operating Temperature"; Value = "-40to105degC"; VariantName = "[No Variations]"
Change component parameters (AddParameter): Name = "Package Reference"; Value = "691313410003"; VariantName = "[No Variations]"
Change component parameters (AddParameter): Name = "Packaging"; Value = "Box"; VariantName = "[No Variations]"
Change component parameters (AddParameter): Name = "Part Number"; Value = "691313410003"; VariantName = "[No Variations]"
Change component parameters (AddParameter): Name = "Pin Number"; Value = "3"; VariantName = "[No Variations]"
Change component parameters (AddParameter): Name = "Pitch"; Value = "7.62mm"; VariantName = "[No Variations]"
Change component parameters (AddParameter): Name = "Publisher"; Value = "WurthElektronik"; VariantName = "[No Variations]"
Added Component: Designator=LED2(1206_A)
Add component (AddParameter): Name = "Color"; Value = "Bright Green"; VariantName = "[No Variations]"
Add component (AddParameter): Name = "ComponentLink1Description"; Value = "Manufacturer URL"; VariantName = "[No Variations]"
Add component (AddParameter): Name = "ComponentLink1URL"; Value = "http://www.we-online.com"; VariantName = "[No Variations]"
Add component (AddParameter): Name = "ComponentLink2Description"; Value = "Datasheet"; VariantName = "[No Variations]"
Add component (AddParameter): Name = "ComponentLink2URL"; Value = "http://katalog.we-online.com/led/datasheet/150120VS75000.pdf"; VariantName = "[No Variations]"
Add component (AddParameter): Name = "Manufacturer"; Value = "Wuerth Elektronik"; VariantName = "[No Variations]"
Add component (AddParameter): Name = "PackageReference"; Value = "1206_A"; VariantName = "[No Variations]"
Add component (AddParameter): Name = "PartNumber"; Value = "150120VS75000"; VariantName = "[No Variations]"
Added Component: Designator=LED3(1206_A)
Add component (AddParameter): Name = "Color"; Value = "Bright Green"; VariantName = "[No Variations]"
Add component (AddParameter): Name = "ComponentLink1Description"; Value = "Manufacturer URL"; VariantName = "[No Variations]"
Add component (AddParameter): Name = "ComponentLink1URL"; Value = "http://www.we-online.com"; VariantName = "[No Variations]"
Add component (AddParameter): Name = "ComponentLink2Description"; Value = "Datasheet"; VariantName = "[No Variations]"
Add component (AddParameter): Name = "ComponentLink2URL"; Value = "http://katalog.we-online.com/led/datasheet/150120VS75000.pdf"; VariantName = "[No Variations]"
Add component (AddParameter): Name = "Manufacturer"; Value = "Wuerth Elektronik"; VariantName = "[No Variations]"
Add component (AddParameter): Name = "PackageReference"; Value = "1206_A"; VariantName = "[No Variations]"
Add component (AddParameter): Name = "PartNumber"; Value = "150120VS75000"; VariantName = "[No Variations]"
Added Component: Designator=LED4(1206  CYLINDRICAL- Reverse Use)
Add component (AddParameter): Name = "Color"; Value = "Yellow"; VariantName = "[No Variations]"
Add component (AddParameter): Name = "ComponentLink1Description"; Value = "Manufacturer URL"; VariantName = "[No Variations]"
Add component (AddParameter): Name = "ComponentLink1URL"; Value = "http://www.we-online.com"; VariantName = "[No Variations]"
Add component (AddParameter): Name = "ComponentLink2Description"; Value = "Datasheet"; VariantName = "[No Variations]"
Add component (AddParameter): Name = "ComponentLink2URL"; Value = "http://katalog.we-online.com/led/datasheet/156120YS75300.pdf"; VariantName = "[No Variations]"
Add component (AddParameter): Name = "Lens Type"; Value = "Cylindrical"; VariantName = "[No Variations]"
Add component (AddParameter): Name = "Manufacturer"; Value = "Wuerth Elektronik"; VariantName = "[No Variations]"
Add component (AddParameter): Name = "PackageReference"; Value = "1206  CYLINDRICAL- Reverse Use"; VariantName = "[No Variations]"
Add component (AddParameter): Name = "PartNumber"; Value = "156120YS75300"; VariantName = "[No Variations]"
Added Component: Designator=LED5(1206_A)
Add component (AddParameter): Name = "Color"; Value = "Super Red"; VariantName = "[No Variations]"
Add component (AddParameter): Name = "ComponentLink1Description"; Value = "Manufacturer URL"; VariantName = "[No Variations]"
Add component (AddParameter): Name = "ComponentLink1URL"; Value = "http://www.we-online.com"; VariantName = "[No Variations]"
Add component (AddParameter): Name = "ComponentLink2Description"; Value = "Datasheet"; VariantName = "[No Variations]"
Add component (AddParameter): Name = "ComponentLink2URL"; Value = "http://katalog.we-online.com/led/datasheet/150120SS75000.pdf"; VariantName = "[No Variations]"
Add component (AddParameter): Name = "Manufacturer"; Value = "Wuerth Elektronik"; VariantName = "[No Variations]"
Add component (AddParameter): Name = "PackageReference"; Value = "1206_A"; VariantName = "[No Variations]"
Add component (AddParameter): Name = "PartNumber"; Value = "150120SS75000"; VariantName = "[No Variations]"
Added Component: Designator=R6(RESC1609X50X30NL10T20)
Add component (AddParameter): Name = "Manufacturer"; Value = "Vishay Dale"; VariantName = "[No Variations]"
Add component (AddParameter): Name = "Part Number"; Value = "CRCW06034K70FKTA"; VariantName = "[No Variations]"
Added Component: Designator=R7(FP-CRCW0805-e3-IPC_C)
Add component (AddParameter): Name = "Case Code (Imperial)"; Value = "0805"; VariantName = "[No Variations]"
Add component (AddParameter): Name = "Case Code (Metric)"; Value = "2012"; VariantName = "[No Variations]"
Add component (AddParameter): Name = "Case/Package"; Value = "0805"; VariantName = "[No Variations]"
Add component (AddParameter): Name = "Composition"; Value = "Thick Film"; VariantName = "[No Variations]"
Add component (AddParameter): Name = "Contact Plating"; Value = "Tin"; VariantName = "[No Variations]"
Add component (AddParameter): Name = "Depth"; Value = "1.25mm"; VariantName = "[No Variations]"
Add component (AddParameter): Name = "Features"; Value = "Automotive AEC-Q200"; VariantName = "[No Variations]"
Add component (AddParameter): Name = "Height"; Value = "0.45mm"; VariantName = "[No Variations]"
Add component (AddParameter): Name = "Lead Free"; Value = "Lead Free"; VariantName = "[No Variations]"
Add component (AddParameter): Name = "Length"; Value = "2mm"; VariantName = "[No Variations]"
Add component (AddParameter): Name = "Max Operating Temperature"; Value = "155°C"; VariantName = "[No Variations]"
Add component (AddParameter): Name = "Max Power Dissipation"; Value = "125mW"; VariantName = "[No Variations]"
Add component (AddParameter): Name = "Military Standard"; Value = "Not"; VariantName = "[No Variations]"
Add component (AddParameter): Name = "Min Operating Temperature"; Value = "-55°C"; VariantName = "[No Variations]"
Add component (AddParameter): Name = "Mount"; Value = "Surface Mount"; VariantName = "[No Variations]"
Add component (AddParameter): Name = "Number of Terminations"; Value = "2"; VariantName = "[No Variations]"
Add component (AddParameter): Name = "Package Quantity"; Value = "10"; VariantName = "[No Variations]"
Add component (AddParameter): Name = "Packaging"; Value = "Tape and Reel"; VariantName = "[No Variations]"
Add component (AddParameter): Name = "Power Rating"; Value = "125mW"; VariantName = "[No Variations]"
Add component (AddParameter): Name = "Radiation Hardening"; Value = "No"; VariantName = "[No Variations]"
Add component (AddParameter): Name = "Resistance"; Value = "120R"; VariantName = "[No Variations]"
Add component (AddParameter): Name = "Temperature Coefficient"; Value = "100ppm/°C"; VariantName = "[No Variations]"
Add component (AddParameter): Name = "Termination"; Value = "SMD/SMT"; VariantName = "[No Variations]"
Add component (AddParameter): Name = "Tolerance"; Value = "1%"; VariantName = "[No Variations]"
Add component (AddParameter): Name = "Voltage Rating"; Value = "150V"; VariantName = "[No Variations]"
Add component (AddParameter): Name = "Voltage Rating (DC)"; Value = "150V"; VariantName = "[No Variations]"
Add component (AddParameter): Name = "Weight"; Value = "0.000194oz"; VariantName = "[No Variations]"
Add component (AddParameter): Name = "Width"; Value = "1.25mm"; VariantName = "[No Variations]"
Added Component: Designator=R8(FP-CRCW0805-e3-IPC_C)
Add component (AddParameter): Name = "Case Code (Imperial)"; Value = "0805"; VariantName = "[No Variations]"
Add component (AddParameter): Name = "Case Code (Metric)"; Value = "2012"; VariantName = "[No Variations]"
Add component (AddParameter): Name = "Case/Package"; Value = "0805"; VariantName = "[No Variations]"
Add component (AddParameter): Name = "Composition"; Value = "Thick Film"; VariantName = "[No Variations]"
Add component (AddParameter): Name = "Contact Plating"; Value = "Tin"; VariantName = "[No Variations]"
Add component (AddParameter): Name = "Depth"; Value = "1.25mm"; VariantName = "[No Variations]"
Add component (AddParameter): Name = "Features"; Value = "Automotive AEC-Q200"; VariantName = "[No Variations]"
Add component (AddParameter): Name = "Height"; Value = "0.45mm"; VariantName = "[No Variations]"
Add component (AddParameter): Name = "Lead Free"; Value = "Lead Free"; VariantName = "[No Variations]"
Add component (AddParameter): Name = "Length"; Value = "2mm"; VariantName = "[No Variations]"
Add component (AddParameter): Name = "Max Operating Temperature"; Value = "155°C"; VariantName = "[No Variations]"
Add component (AddParameter): Name = "Max Power Dissipation"; Value = "125mW"; VariantName = "[No Variations]"
Add component (AddParameter): Name = "Military Standard"; Value = "Not"; VariantName = "[No Variations]"
Add component (AddParameter): Name = "Min Operating Temperature"; Value = "-55°C"; VariantName = "[No Variations]"
Add component (AddParameter): Name = "Mount"; Value = "Surface Mount"; VariantName = "[No Variations]"
Add component (AddParameter): Name = "Number of Terminations"; Value = "2"; VariantName = "[No Variations]"
Add component (AddParameter): Name = "Package Quantity"; Value = "10"; VariantName = "[No Variations]"
Add component (AddParameter): Name = "Packaging"; Value = "Tape and Reel"; VariantName = "[No Variations]"
Add component (AddParameter): Name = "Power Rating"; Value = "125mW"; VariantName = "[No Variations]"
Add component (AddParameter): Name = "Radiation Hardening"; Value = "No"; VariantName = "[No Variations]"
Add component (AddParameter): Name = "Resistance"; Value = "120R"; VariantName = "[No Variations]"
Add component (AddParameter): Name = "Temperature Coefficient"; Value = "100ppm/°C"; VariantName = "[No Variations]"
Add component (AddParameter): Name = "Termination"; Value = "SMD/SMT"; VariantName = "[No Variations]"
Add component (AddParameter): Name = "Tolerance"; Value = "1%"; VariantName = "[No Variations]"
Add component (AddParameter): Name = "Voltage Rating"; Value = "150V"; VariantName = "[No Variations]"
Add component (AddParameter): Name = "Voltage Rating (DC)"; Value = "150V"; VariantName = "[No Variations]"
Add component (AddParameter): Name = "Weight"; Value = "0.000194oz"; VariantName = "[No Variations]"
Add component (AddParameter): Name = "Width"; Value = "1.25mm"; VariantName = "[No Variations]"
Added Component: Designator=R9(RESC1609X50X30ML10T20)
Add component (AddParameter): Name = "Manufacturer"; Value = "Vishay Dale"; VariantName = "[No Variations]"
Add component (AddParameter): Name = "Part Number"; Value = "CRCW0603680RFKEA"; VariantName = "[No Variations]"
Added Component: Designator=R10(RESC1609X50X30ML10T20)
Add component (AddParameter): Name = "Manufacturer"; Value = "Vishay Dale"; VariantName = "[No Variations]"
Add component (AddParameter): Name = "Part Number"; Value = "CRCW0603680RFKEA"; VariantName = "[No Variations]"
Added Component: Designator=R11(FP-MCT0603-MFG)
Add component (AddParameter): Name = "Case Code (Imperial)"; Value = "0603"; VariantName = "[No Variations]"
Add component (AddParameter): Name = "Case Code (Metric)"; Value = "1608"; VariantName = "[No Variations]"
Add component (AddParameter): Name = "Case/Package"; Value = "0603"; VariantName = "[No Variations]"
Add component (AddParameter): Name = "Composition"; Value = "Thin Film"; VariantName = "[No Variations]"
Add component (AddParameter): Name = "Contact Plating"; Value = "Tin"; VariantName = "[No Variations]"
Add component (AddParameter): Name = "Depth"; Value = "0.85mm"; VariantName = "[No Variations]"
Add component (AddParameter): Name = "Height"; Value = "0.022inch"; VariantName = "[No Variations]"
Add component (AddParameter): Name = "Lead Free"; Value = "Lead Free"; VariantName = "[No Variations]"
Add component (AddParameter): Name = "Length"; Value = "0.061inch"; VariantName = "[No Variations]"
Add component (AddParameter): Name = "Max Operating Temperature"; Value = "125°C"; VariantName = "[No Variations]"
Add component (AddParameter): Name = "Max Power Dissipation"; Value = "100mW"; VariantName = "[No Variations]"
Add component (AddParameter): Name = "Military Standard"; Value = "Not"; VariantName = "[No Variations]"
Add component (AddParameter): Name = "Min Operating Temperature"; Value = "-55°C"; VariantName = "[No Variations]"
Add component (AddParameter): Name = "Number of Terminations"; Value = "2"; VariantName = "[No Variations]"
Add component (AddParameter): Name = "Package Quantity"; Value = "5000"; VariantName = "[No Variations]"
Add component (AddParameter): Name = "Packaging"; Value = "Tape and Reel"; VariantName = "[No Variations]"
Add component (AddParameter): Name = "Power Rating"; Value = "100mW"; VariantName = "[No Variations]"
Add component (AddParameter): Name = "Radiation Hardening"; Value = "No"; VariantName = "[No Variations]"
Add component (AddParameter): Name = "REACH SVHC"; Value = "No SVHC"; VariantName = "[No Variations]"
Add component (AddParameter): Name = "Resistance"; Value = "10kR"; VariantName = "[No Variations]"
Add component (AddParameter): Name = "Temperature Coefficient"; Value = "15ppm/°C"; VariantName = "[No Variations]"
Add component (AddParameter): Name = "Tolerance"; Value = "0.1%"; VariantName = "[No Variations]"
Add component (AddParameter): Name = "Voltage Rating"; Value = "75V"; VariantName = "[No Variations]"
Add component (AddParameter): Name = "Voltage Rating (DC)"; Value = "75V"; VariantName = "[No Variations]"
Add component (AddParameter): Name = "Width"; Value = "0.033inch"; VariantName = "[No Variations]"
Added Pin To Net: NetName=240V_E Pin=CON3-1
Added Pin To Net: NetName=12V_RECT Pin=D2-1
Added Pin To Net: NetName=12V_RECT Pin=D3-1
Added Pin To Net: NetName=NetD2_2 Pin=LED2-1
Added Pin To Net: NetName=NetD3_2 Pin=LED3-1
Added Pin To Net: NetName=LED_RED Pin=LED5-2
Added Pin To Net: NetName=+5V Pin=R6-1
Added Pin To Net: NetName=NetCON1_2 Pin=R6-2
Added Pin To Net: NetName=GND Pin=R7-1
Added Pin To Net: NetName=GND Pin=R8-1
Added Pin To Net: NetName=12V_RECT Pin=R9-2
Added Pin To Net: NetName=12V_RECT Pin=R10-2
Added Pin To Net: NetName=+3V3 Pin=R11-1
Added Pin To Net: NetName=EN Pin=R11-2
Added Pin To Net: NetName=12V_RECT Pin=RLY1-8
Added Pin To Net: NetName=12V_RECT Pin=RLY2-8
Added Pin To Net: NetName=LED_YELLOW Pin=LED4-2
Added Pin To Net: NetName=LED_YELLOW Pin=U2-36
Added Net: Name=LED_YELLOW
Added Pin To Net: NetName=NetCON3_3 Pin=CON3-3
Added Pin To Net: NetName=NetCON3_3 Pin=F2-1
Added Pin To Net: NetName=NetCON3_3 Pin=F2-1
Added Net: Name=NetCON3_3
Added Pin To Net: NetName=NetLED2_2 Pin=LED2-2
Added Pin To Net: NetName=NetLED2_2 Pin=R9-1
Added Net: Name=NetLED2_2
Added Pin To Net: NetName=NetLED3_2 Pin=LED3-2
Added Pin To Net: NetName=NetLED3_2 Pin=R10-1
Added Net: Name=NetLED3_2
Added Pin To Net: NetName=NetLED4_1 Pin=LED4-1
Added Pin To Net: NetName=NetLED4_1 Pin=R7-2
Added Net: Name=NetLED4_1
Added Pin To Net: NetName=NetLED5_1 Pin=LED5-1
Added Pin To Net: NetName=NetLED5_1 Pin=R8-2
Added Net: Name=NetLED5_1
Change Class Name : Old Net Name=R6_Nets New Net Name=R11_Nets
Added Class: Name=LED2_Nets
Added Class: Name=LED3_Nets
Added Class: Name=LED4_Nets
Added Class: Name=LED5_Nets
Added Class: Name=R6_Nets
Added Class: Name=R9_Nets
Added Class: Name=R10_Nets
Added Member To Class: ClassName=D2_Nets Member=Wire 12V_Rect
Added Member To Class: ClassName=D3_Nets Member=Wire 12V_Rect
Added Member To Class: ClassName=RLY1_Nets Member=Wire 12V_Rect
Added Member To Class: ClassName=RLY2_Nets Member=Wire 12V_Rect
Added Member To Class: ClassName=U2_Nets Member=Wire LED_YELLOW
Added Member To Class: ClassName=CON3_Nets Member=Wire NetCON3_3
Added Member To Class: ClassName=F2_Nets Member=Wire NetCON3_3
Added Member To Class: ClassName=R7_Nets Member=Wire NetLED4_1
Added Member To Class: ClassName=R8_Nets Member=Wire NetLED5_1
