Removed Pin From Net: NetName=240V_L Pin=RLY?-3
Removed Pin From Net: NetName=NetCON5_1 Pin=RLY?-4
Removed Pin From Net: NetName=NetCON5_1 Pin=RLY?-5
Removed Pin From Net: NetName=240V_L Pin=RLY?-6
Removed Member From Class: ClassName=C4_Nets Member=+3V3
Removed Member From Class: ClassName=C3_Nets Member=NetC3_1
Removed Member From Class: ClassName=L1_Nets Member=NetC3_1
Removed Member From Class: ClassName=U1_Nets Member=NetC3_1
Removed Member From Class: ClassName=C3_Nets Member=NetC3_2
Removed Member From Class: ClassName=U1_Nets Member=NetC3_2
Change Component Footprint: Designator=RLY? Old Footprint=FP-G2RL-1A-E_DC12-MFG New Footprint=FP-G2RL-1A-E_DC12-MFG
Change Component Designator: OldDesignator=C3 NewDesignator=C1
Change Component Designator: OldDesignator=C4 NewDesignator=C2
Change Component Designator: OldDesignator=C5 NewDesignator=C3
Change Component Designator: OldDesignator=C6 NewDesignator=C4
Change Component Designator: OldDesignator=C7 NewDesignator=C5
Change Component Designator: OldDesignator=C8 NewDesignator=C6
Change Component Designator: OldDesignator=C9 NewDesignator=C7
Change Component Designator: OldDesignator=CON? NewDesignator=CON6
Change Component Designator: OldDesignator=R7 NewDesignator=R9
Change Component Designator: OldDesignator=R8 NewDesignator=R10
Change Component Designator: OldDesignator=R9 NewDesignator=R2
Change Component Designator: OldDesignator=R10 NewDesignator=R4
Change Component Designator: OldDesignator=R11 NewDesignator=R8
Change Component Designator: OldDesignator=R? NewDesignator=R7
Change Component Designator: OldDesignator=RLY? NewDesignator=RLY2
Added Pin To Net: NetName=240V_L Pin=RLY2-3
Added Pin To Net: NetName=NetCON5_1 Pin=RLY2-4
Added Pin To Net: NetName=NetCON5_1 Pin=RLY2-5
Added Pin To Net: NetName=240V_L Pin=RLY2-6
Change Net Name : Old Net Name=NetC3_1 New Net Name=NetC1_1
Change Net Name : Old Net Name=NetC3_2 New Net Name=NetC1_2
Change Class Name : Old Net Name=C7_Nets New Net Name=C6_Nets
Change Class Name : Old Net Name=C9_Nets New Net Name=C7_Nets
Change Class Name : Old Net Name=R7_Nets New Net Name=R9_Nets
Change Class Name : Old Net Name=R8_Nets New Net Name=R10_Nets
Change Class Name : Old Net Name=R11_Nets New Net Name=R8_Nets
Change Class Name : Old Net Name=RLY?_Nets New Net Name=RLY2_Nets
Added Class: Name=C1_Nets
Added Class: Name=C2_Nets
Added Class: Name=CON6_Nets
Added Class: Name=R2_Nets
Added Class: Name=R4_Nets
Added Class: Name=R7_Nets
Added Member To Class: ClassName=C3_Nets Member=Wire +3V3
Added Member To Class: ClassName=C4_Nets Member=Wire +5V
Added Member To Class: ClassName=CON1_Nets Member=Wire +5V
Added Member To Class: ClassName=CON2_Nets Member=Wire +5V
Added Member To Class: ClassName=D2_Nets Member=Wire +5V
Added Member To Class: ClassName=D3_Nets Member=Wire +5V
Added Member To Class: ClassName=R6_Nets Member=Wire +5V
Added Member To Class: ClassName=RLY1_Nets Member=Wire +5V
Added Member To Class: ClassName=RLY2_Nets Member=Wire +5V
Added Member To Class: ClassName=U1_Nets Member=Wire +5V
Added Member To Class: ClassName=C3_Nets Member=Wire GND
Added Member To Class: ClassName=L1_Nets Member=Wire NetC1_1
Added Member To Class: ClassName=U1_Nets Member=Wire NetC1_1
Added Member To Class: ClassName=U1_Nets Member=Wire NetC1_2
